{"ts":"2021-04-23T13:40:52.675","sev":"info","k":"app-config","v":"appDir: C:\\Program Files\\Tableau\\Tableau Prep Builder 2021.1\\resources\\app","pid":2448}
{"ts":"2021-04-23T13:40:52.675","sev":"info","k":"app-config","v":"sampleFlowsDirectory: C:\\Program Files\\Tableau\\Tableau Prep Builder 2021.1\\help\\Samples","pid":2448}
{"ts":"2021-04-23T13:40:52.675","sev":"info","k":"app-config-env","v":{"appDir":"C:\\Program Files\\Tableau\\Tableau Prep Builder 2021.1\\resources\\app","iconDir":"C:\\Program Files\\Tableau\\Tableau Prep Builder 2021.1\\resources\\app\\icons","isDevEnlistment":false,"restApiJarPath":"C:\\Program Files\\Tableau\\Tableau Prep Builder 2021.1\\resources\\app\\loom-rest-api-1.0-SNAPSHOT.jar","sampleFlowsDirectory":"C:\\Program Files\\Tableau\\Tableau Prep Builder 2021.1\\help\\Samples"},"pid":2448}
{"ts":"2021-04-23T13:40:52.676","sev":"info","k":"app-config-raw-command-line","v":{"argv":["","C:\\Program Files\\Tableau\\Tableau Prep Builder 2021.1\\Tableau Prep Builder.exe"]},"pid":2448}
{"ts":"2021-04-23T13:40:52.677","sev":"info","k":"app-config","v":"Setting thumbprint file to C:\\Users\\chast\\AppData\\Local\\Temp\\tmp-24485G6KYtXCU4o4","pid":2448}
{"ts":"2021-04-23T13:40:52.677","sev":"info","k":"app-config-command-line","v":{"settings":{"thumbprintFile":"C:\\Users\\chast\\AppData\\Local\\Temp\\tmp-24485G6KYtXCU4o4"},"settingsFilePaths":[],"quit":false},"pid":2448}
{"ts":"2021-04-23T13:40:52.678","sev":"info","k":"app-utils","v":"build version: 21.13.21.0326.1015","pid":2448}
{"ts":"2021-04-23T13:40:52.678","sev":"info","k":"app-utils","v":"getBuildVersion = 21.13.21.0326.1015","pid":2448}
{"ts":"2021-04-23T13:40:52.678","sev":"info","k":"app-utils","v":"isLocallyPackaged = false","pid":2448}
{"ts":"2021-04-23T13:40:52.678","sev":"info","k":"app-config","v":"Using external settings file settings-21.13.21.0326.1015.json","pid":2448}
{"ts":"2021-04-23T13:40:52.681","sev":"info","k":"app-config-read-settings-file","v":{"settingsFilePath":"C:\\Program Files\\Tableau\\Tableau Prep Builder 2021.1\\resources\\app\\default-settings.json","settings":{"featureFlags":{"accessConnector":true,"addCredentials":true,"adpCustomDataRole":true,"adpFuzzyMatchSuggestion":true,"adpPivotSuggestion":true,"adpToolbarSuggestions":true,"alibabaMaxComputeConnector":true,"analyticsSupport":true,"anidTelemetry":true,"annotationSelectionRevamp":true,"auditFlow":false,"autoUpdate":false,"autosave":true,"binningAnalyzerCreator":true,"britishEnglish":true,"bulkRename":false,"connectToDialog":true,"connectionDialogOAuth":true,"copyPasteNodeProperties":true,"customFiscalYear":true,"customRoles":false,"dataDictionary":false,"dataSourceWithUserReferenceAsInput":true,"databaseVariablesAndParameters":true,"datagridPlaceholders":true,"datasourceInputNode":true,"exportAsVersion":false,"fieldFilteringGridToDataGridConversion":false,"findAndReplaceValues":false,"firstFiveMinutes":true,"flowPermissions":false,"flowTags":true,"flowThumbnails":true,"flowlets":true,"futureFeature":false,"fuzzyClusteringFastMatch":true,"fuzzyClusteringSlider":true,"fuzzyMatchCDR":true,"generateNewRows":false,"handleBadlyEncodedUIData":false,"helpLinkLibrary":true,"highlightConnections":true,"impalaConnector":true,"improvedFeedback":true,"inAppFeedback":false,"incrementalRefresh":true,"incrementalRefreshInputUnion":false,"initialSqlFlowNameParameter":true,"initialSqlTableauAppParameter":true,"initialSqlTableauVersionParameter":true,"inputNullFilter":false,"italian":true,"joinClauseDrawingStatuses":false,"kyvosConnector":true,"lodCalcs":true,"multiRowCalcs":true,"oauthServiceEnabled":true,"ogrConnector":true,"outputFieldMatching":true,"outputFieldMatchingInteractive":false,"outputToDatabase":true,"outputToGoogleBigQuery":false,"outputToTeradata":true,"panicDialogOnWeb":true,"pdfConnector":true,"pivotOnMultiSelect":true,"playMovie":true,"pluginConnectorRegistry":true,"predictionNode":true,"primaryKeyValidation":false,"profilePaneCardMotionAnimation":false,"profilePaneKeyboardNavigation":false,"publishedConnections":false,"quboleConnector":true,"recipeNoChangesApplied":false,"refreshDatasource":false,"retireOutputToTde":true,"richConditionFilter":false,"salesforceConnector":true,"scriptExtensibilityNewMenu":true,"searchAcrossFlow":false,"serverStickiness":true,"sharedContextMenus":false,"sharepointListsConnector":false,"showHideColumns":false,"spatialTypeSupported":true,"superTransformNodes":true,"traditionalChinese":true,"transformationToasts":false,"webVersioning":false,"writeToExcel":true,"predictionNodeOnServer":false},"barChartMotionAnimationEnabled":true,"allowMultipleInstances":false}},"pid":2448}
{"ts":"2021-04-23T13:40:52.681","sev":"info","k":"app-config","v":"Settings file doesn't exist: C:\\Users\\chast\\Documents\\My Tableau Prep Repository\\Settings\\settings-21.13.21.0326.1015.json","pid":2448}
{"ts":"2021-04-23T13:40:52.685","sev":"info","k":"app-config-settings","v":{"featureFlags":{"accessConnector":true,"addCredentials":true,"adpCustomDataRole":true,"adpFuzzyMatchSuggestion":true,"adpPivotSuggestion":true,"adpToolbarSuggestions":true,"alibabaMaxComputeConnector":true,"analyticsSupport":true,"anidTelemetry":true,"annotationSelectionRevamp":true,"auditFlow":false,"autoUpdate":false,"autosave":true,"binningAnalyzerCreator":true,"britishEnglish":true,"bulkRename":false,"connectToDialog":true,"connectionDialogOAuth":true,"copyPasteNodeProperties":true,"customFiscalYear":true,"customRoles":false,"dataDictionary":false,"dataSourceWithUserReferenceAsInput":true,"databaseVariablesAndParameters":true,"datagridPlaceholders":true,"datasourceInputNode":true,"exportAsVersion":false,"fieldFilteringGridToDataGridConversion":false,"findAndReplaceValues":false,"firstFiveMinutes":true,"flowPermissions":false,"flowTags":true,"flowThumbnails":true,"flowlets":true,"futureFeature":false,"fuzzyClusteringFastMatch":true,"fuzzyClusteringSlider":true,"fuzzyMatchCDR":true,"generateNewRows":false,"handleBadlyEncodedUIData":false,"helpLinkLibrary":true,"highlightConnections":true,"impalaConnector":true,"improvedFeedback":true,"inAppFeedback":false,"incrementalRefresh":true,"incrementalRefreshInputUnion":false,"initialSqlFlowNameParameter":true,"initialSqlTableauAppParameter":true,"initialSqlTableauVersionParameter":true,"inputNullFilter":false,"italian":true,"joinClauseDrawingStatuses":false,"kyvosConnector":true,"lodCalcs":true,"multiRowCalcs":true,"oauthServiceEnabled":true,"ogrConnector":true,"outputFieldMatching":true,"outputFieldMatchingInteractive":false,"outputToDatabase":true,"outputToGoogleBigQuery":false,"outputToTeradata":true,"panicDialogOnWeb":true,"pdfConnector":true,"pivotOnMultiSelect":true,"playMovie":true,"pluginConnectorRegistry":true,"predictionNode":true,"primaryKeyValidation":false,"profilePaneCardMotionAnimation":false,"profilePaneKeyboardNavigation":false,"publishedConnections":false,"quboleConnector":true,"recipeNoChangesApplied":false,"refreshDatasource":false,"retireOutputToTde":true,"richConditionFilter":false,"salesforceConnector":true,"scriptExtensibilityNewMenu":true,"searchAcrossFlow":false,"serverStickiness":true,"sharedContextMenus":false,"sharepointListsConnector":false,"showHideColumns":false,"spatialTypeSupported":true,"superTransformNodes":true,"traditionalChinese":true,"transformationToasts":false,"webVersioning":false,"writeToExcel":true,"predictionNodeOnServer":false},"barChartMotionAnimationEnabled":true,"allowMultipleInstances":false,"recordTelemetry":true,"thumbprintFile":"C:\\Users\\chast\\AppData\\Local\\Temp\\tmp-24485G6KYtXCU4o4"},"pid":2448}
{"ts":"2021-04-23T13:40:52.685","sev":"info","k":"single-instance-app","v":"Attempting to get singleInstaceLock","pid":2448}
{"ts":"2021-04-23T13:40:52.686","sev":"info","k":"single-instance-app","v":"Got the lock. This is the main process.","pid":2448}
{"ts":"2021-04-23T13:40:52.686","sev":"info","k":"app-start","v":"Installing test hooks","pid":2448}
{"ts":"2021-04-23T13:40:52.686","sev":"info","k":"test-hooks","v":"installing testApiHook listener on IPC channel: testApi/quit-app","pid":2448}
{"ts":"2021-04-23T13:40:52.686","sev":"info","k":"app-start","v":{"version":"21.13.21.0326.1015","pid":2448},"pid":2448}
{"ts":"2021-04-23T13:40:52.763","sev":"info","k":"app-ready","v":"","pid":2448}
{"ts":"2021-04-23T13:40:52.766","sev":"info","k":"init-settings-cache","v":{"persistentSettingsCache":{"repositoryLanguage":"en_US"}},"pid":2448}
{"ts":"2021-04-23T13:40:52.766","sev":"info","k":"app-start","v":"Persistent settings have been initialized. Detected this is not the first launch of this version","pid":2448}
{"ts":"2021-04-23T13:40:52.766","sev":"info","k":"localization","v":"OS UI locale is en-US","pid":2448}
{"ts":"2021-04-23T13:40:52.766","sev":"info","k":"localization","v":"Using OS UI locale because no app language has been set.","pid":2448}
{"ts":"2021-04-23T13:40:52.766","sev":"info","k":"app-start","v":"App is using locale en_US for text","pid":2448}
{"ts":"2021-04-23T13:40:52.768","sev":"info","k":"app-start","v":"Timebomb is set to: false","pid":2448}
{"ts":"2021-04-23T13:40:52.769","sev":"info","k":"app-start","v":"Repository language is en_US","pid":2448}
{"ts":"2021-04-23T13:40:52.776","sev":"info","k":"repository","v":"Repository location is C:\\Users\\chast\\Documents\\My Tableau Prep Repository","pid":2448}
{"ts":"2021-04-23T13:40:52.785","sev":"info","k":"app-start","v":"Datasources folder is C:\\Users\\chast\\Documents\\My Tableau Prep Repository\\Datasources","pid":2448}
{"ts":"2021-04-23T13:40:52.785","sev":"info","k":"app-start","v":"Recommendations are enabled","pid":2448}
{"ts":"2021-04-23T13:40:52.785","sev":"info","k":"app-start","v":"Compatibility Mode is enabled","pid":2448}
{"ts":"2021-04-23T13:40:52.808","sev":"info","k":"splash-screen","v":{},"pid":2448}
{"ts":"2021-04-23T13:40:52.821","sev":"info","k":"backend-process-manager-client","v":"starting BackendProcessManager...","pid":2448}
{"ts":"2021-04-23T13:40:52.831","sev":"info","k":"backend-process-manager-client","v":{"msg":"BackedProcessManager started","pid":20368},"pid":2448}
{"ts":"2021-04-23T13:40:52.831","sev":"info","k":"backend-process-manager-client","v":"sending configuration message","pid":2448}
{"ts":"2021-04-23T13:40:52.981","sev":"info","k":"splash-screen","v":"dom-ready: Showing","pid":2448}
{"ts":"2021-04-23T13:41:00.549","sev":"info","k":"backend-process-manager-client","v":{"msg":"received message from BackendProcessManager process","ipcMessage":{"type":"backend-start-success","backendConfig":{"port":64591}}},"pid":2448}
{"ts":"2021-04-23T13:41:00.549","sev":"info","k":"app-start","v":"Started backend. Will send requests to https://127.0.0.1:64591/","pid":2448}
{"ts":"2021-04-23T13:41:00.549","sev":"info","k":"app-start","v":"Querying to see if telemetry is enabled.","pid":2448}
{"ts":"2021-04-23T13:41:00.549","sev":"info","k":"get-telemetry-enabled","v":{"msg":"checking if telemetry is enabled","backendRootUrl":"https://127.0.0.1:64591/"},"pid":2448}
{"ts":"2021-04-23T13:41:00.775","sev":"info","k":"app-start","v":"Telemetry enabled? true","pid":2448}
{"ts":"2021-04-23T13:41:00.776","sev":"info","k":"localization","v":"Querying to get os user locale.","pid":2448}
{"ts":"2021-04-23T13:41:00.802","sev":"info","k":"localization","v":"OS user locale is en_US","pid":2448}
{"ts":"2021-04-23T13:41:00.803","sev":"info","k":"app-start","v":"App is using locale en_US for formatting","pid":2448}
{"ts":"2021-04-23T13:41:00.839","sev":"info","k":"app-start","v":"Checking if the product is licensed.","pid":2448}
{"ts":"2021-04-23T13:41:08.123","sev":"info","k":"app-start","v":"Got license state trial-active","pid":2448}
{"ts":"2021-04-23T13:41:08.123","sev":"info","k":"app-start","v":"License retrieved and window title updated.","pid":2448}
{"ts":"2021-04-23T13:41:08.124","sev":"info","k":"licensing-window","v":"Setting license state","pid":2448}
{"ts":"2021-04-23T13:41:08.124","sev":"info","k":"licensing-window","v":"Creating registration screen","pid":2448}
{"ts":"2021-04-23T13:41:08.131","sev":"info","k":"licensing-window","v":"Loading https://127.0.0.1:64591/static/unlicensed.html?eyJhcGlLZXkiOiIwYTZiNjk2MzZkYTE5YmIzZDE2NWFiZmVlODE2NDcwM2JlZDlkYWY0MGVhYWJmM2VmZTM1ZmI3NGQzZDQ4OGQ5MDc1Yzg1YzgzMWNhNWQzYjgxMjA0MjllZmE0MzMyYWMiLCJpbml0aWFsU3RhdGUiOnsic3RhdGUiOjksImtleUV4cGlyZXNJbkRheXMiOjcsInJlZ2lzdHJhdGlvbk5lZWRlZCI6ZmFsc2UsImRlZmF1bHRMYmxtU2VydmVyIjoiIn0sImliYVN0YXR1cyI6ImVuYWJsZWQifQ== in the registration screen","pid":2448}
{"ts":"2021-04-23T13:41:08.135","sev":"info","k":"splash-screen","v":"Hiding splash screen. Window Destroyed.","pid":2448}
{"ts":"2021-04-23T13:41:10.820","sev":"info","k":"licensing-window","v":"Licensing succeeded. Waiting on possible cookie extraction.","pid":2448}
{"ts":"2021-04-23T13:41:10.820","sev":"info","k":"licensing-window","v":"Licensing succeeded and finished cookie extraction.","pid":2448}
{"ts":"2021-04-23T13:41:10.820","sev":"info","k":"app-start","v":"Checking if the product is licensed.","pid":2448}
{"ts":"2021-04-23T13:41:10.851","sev":"info","k":"app-start","v":"Got license state trial-active","pid":2448}
{"ts":"2021-04-23T13:41:10.855","sev":"info","k":"app-start","v":"Creating a PrepWindowManager to manage windows","pid":2448}
{"ts":"2021-04-23T13:41:10.864","sev":"info","k":"prep-window-manager","v":"Opening a new prep window","pid":2448}
{"ts":"2021-04-23T13:41:10.866","sev":"info","k":"prep-window","v":{"browserWindowOptions":{"width":1366,"height":768,"minWidth":740,"minHeight":555,"backgroundColor":"#f8f8f8","title":"Tableau Prep Builder - Trial expires in 7 days","show":false,"useContentSize":false,"fullscreenable":true,"enableLargerThanScreen":false,"webPreferences":{"nodeIntegration":false,"contextIsolation":false,"enableRemoteModule":true,"preload":"C:\\Program Files\\Tableau\\Tableau Prep Builder 2021.1\\resources\\app\\preload.js","webviewTag":true,"allowRunningInsecureContent":false}}},"pid":2448}
{"ts":"2021-04-23T13:41:10.881","sev":"info","k":"prep-window","v":{"contentSize":[1352,711]},"pid":2448}
{"ts":"2021-04-23T13:41:11.012","sev":"info","k":"get-user-type","v":"Got user type: 0","pid":2448}
{"ts":"2021-04-23T13:41:11.965","sev":"info","k":"prep-window","v":"Client ready","pid":2448}
{"ts":"2021-04-23T13:41:11.968","sev":"info","k":"prep-window","v":"Setting sample flow paths to C:\\Program Files\\Tableau\\Tableau Prep Builder 2021.1\\help\\Samples\\en_US\\Superstore.tflx,C:\\Program Files\\Tableau\\Tableau Prep Builder 2021.1\\help\\Samples\\en_US\\WorldIndicators.tflx","pid":2448}
{"ts":"2021-04-23T13:41:11.968","sev":"info","k":"prep-window","v":"Done handling clientReady event","pid":2448}
{"ts":"2021-04-23T13:41:11.974","sev":"info","k":"rest-api-call-begin","v":{"method":"POST","path":"/api/autosave/getAvailableDrafts"},"pid":21904}
{"ts":"2021-04-23T13:41:12.186","sev":"info","k":"rest-api-call-begin","v":{"method":"GET","path":"/api/flows/versioning?localFile=C%3A%5CProgram%20Files%5CTableau%5CTableau%20Prep%20Builder%202021.1%5Chelp%5CSamples%5Cen_US%5CSuperstore.tflx"},"pid":21904}
{"ts":"2021-04-23T13:41:12.210","sev":"info","k":"rest-api-call-end","v":{"method":"GET","path":"/api/extensibility/credentials/rSupport","elapsed":0.29307000001426786,"jsonParseTime":0.00013000000035390258},"pid":21904}
{"ts":"2021-04-23T13:41:12.218","sev":"info","k":"rest-api-call-end","v":{"method":"GET","path":"/api/extensibility/credentials/pythonSupport","elapsed":0.3005799999809824,"jsonParseTime":0.00007499998901039362},"pid":21904}
{"ts":"2021-04-23T13:41:12.227","sev":"info","k":"rest-api-call-end","v":{"method":"GET","path":"/api/mruFlows","elapsed":0.30606999999145046,"jsonParseTime":0.00009499999578110874},"pid":21904}
{"ts":"2021-04-23T13:41:12.233","sev":"info","k":"menu","v":"Attempting refresh of the main menu.","pid":2448}
{"ts":"2021-04-23T13:41:12.233","sev":"info","k":"menu","v":"Refreshing of the main menu.","pid":2448}
{"ts":"2021-04-23T13:41:12.261","sev":"info","k":"rest-api-call-end","v":{"method":"GET","path":"/api/functions","elapsed":0.34223999999812804,"jsonParseTime":0.0009500000160187483},"pid":21904}
{"ts":"2021-04-23T13:41:12.266","sev":"info","k":"rest-api-call-end","v":{"method":"POST","path":"/api/autosave/getAvailableDrafts","elapsed":0.29210500000044703,"jsonParseTime":0.00000999998883344233},"pid":21904}
{"ts":"2021-04-23T13:41:12.267","sev":"info","k":"rest-api-call-end","v":{"method":"GET","path":"/api/vizportalApi/tableauServerInfo","elapsed":0.3309000000008382,"jsonParseTime":0.00003500000457279384},"pid":21904}
{"ts":"2021-04-23T13:41:12.285","sev":"info","k":"rest-api-call-end","v":{"method":"GET","path":"/api/crashReporting/newCrashDumpExists","elapsed":0.3517850000062026,"jsonParseTime":0.00022499999613501132},"pid":21904}
{"ts":"2021-04-23T13:41:12.290","sev":"info","k":"rest-api-call-end","v":{"method":"POST","path":"/api/connectivity-utils/getConnectRegistryConnections","elapsed":0.37664000000222586,"jsonParseTime":0.0002400000230409205},"pid":21904}
{"ts":"2021-04-23T13:41:13.577","sev":"info","k":"rest-api-call-end","v":{"method":"GET","path":"/api/flows/versioning?localFile=C%3A%5CProgram%20Files%5CTableau%5CTableau%20Prep%20Builder%202021.1%5Chelp%5CSamples%5Cen_US%5CSuperstore.tflx","elapsed":1.391234999988228,"jsonParseTime":0.0014599999994970858},"pid":21904}
{"ts":"2021-04-23T13:41:13.582","sev":"info","k":"menu","v":"Attempting refresh of the main menu.","pid":2448}
{"ts":"2021-04-23T13:41:13.582","sev":"info","k":"menu","v":"Refreshing of the main menu.","pid":2448}
{"ts":"2021-04-23T13:41:13.971","sev":"info","k":"rest-api-call-end","v":{"method":"GET","path":"/api/cacheOperations/getSemanticRoles","elapsed":2.0563750000146683,"jsonParseTime":0.00004499999340623617},"pid":21904}
{"ts":"2021-04-23T13:41:15.837","sev":"info","k":"ui-callbacks","v":"Setting modal dialog visibility: false","pid":2448}
{"ts":"2021-04-23T13:41:15.837","sev":"info","k":"menu","v":"Attempting refresh of the main menu.","pid":2448}
{"ts":"2021-04-23T13:41:15.837","sev":"info","k":"menu","v":"Refreshing of the main menu.","pid":2448}
{"ts":"2021-04-23T13:41:15.839","sev":"info","k":"ui-callbacks","v":"Setting the window to be closeable: true","pid":2448}
{"ts":"2021-04-23T13:41:15.839","sev":"info","k":"rest-api-call-begin","v":{"method":"DELETE","path":"/api/connections/connections"},"pid":21904}
{"ts":"2021-04-23T13:41:15.839","sev":"info","k":"rest-api-call-begin","v":{"method":"DELETE","path":"/api/connections/connections"},"pid":21904}
{"ts":"2021-04-23T13:41:15.842","sev":"info","k":"rest-api-call-begin","v":{"method":"GET","path":"/api/flows/versioning?localFile=C%3A%5CUsers%5Cchast%5CDocuments%5CMy%20Tableau%20Prep%20Repository%5CFlows%5CFlow1.tfl"},"pid":21904}
{"ts":"2021-04-23T13:41:15.848","sev":"info","k":"ui-callbacks","v":"Setting modal dialog visibility: true","pid":2448}
{"ts":"2021-04-23T13:41:15.849","sev":"info","k":"menu","v":"Attempting refresh of the main menu.","pid":2448}
{"ts":"2021-04-23T13:41:15.849","sev":"info","k":"menu","v":"Refreshing of the main menu.","pid":2448}
{"ts":"2021-04-23T13:41:15.852","sev":"info","k":"ui-callbacks","v":"Setting the window to be closeable: false","pid":2448}
{"ts":"2021-04-23T13:41:15.886","sev":"info","k":"rest-api-call-end","v":{"method":"DELETE","path":"/api/connections/connections","elapsed":0.047439999994821846,"jsonParseTime":0.000024999986635521054},"pid":21904}
{"ts":"2021-04-23T13:41:17.008","sev":"info","k":"rest-api-call-end","v":{"method":"GET","path":"/api/flows/versioning?localFile=C%3A%5CUsers%5Cchast%5CDocuments%5CMy%20Tableau%20Prep%20Repository%5CFlows%5CFlow1.tfl","elapsed":1.1662900000228547,"jsonParseTime":0.0003499999875202775},"pid":21904}
{"ts":"2021-04-23T13:41:17.019","sev":"info","k":"rest-api-call-begin","v":{"method":"POST","path":"/api/flowOperations/flows"},"pid":21904}
{"ts":"2021-04-23T13:41:17.023","sev":"info","k":"rest-api-call-begin","v":{"method":"POST","path":"/api/loomDocValidation"},"pid":21904}
{"ts":"2021-04-23T13:41:17.027","sev":"info","k":"rest-api-call-begin","v":{"method":"POST","path":"/api/flows/versioning/minimumSoftwareVersion"},"pid":21904}
{"ts":"2021-04-23T13:41:17.038","sev":"info","k":"menu","v":"Attempting refresh of the main menu.","pid":2448}
{"ts":"2021-04-23T13:41:17.038","sev":"info","k":"menu","v":"Refreshing of the main menu.","pid":2448}
{"ts":"2021-04-23T13:41:17.064","sev":"info","k":"ui-callbacks","v":"Setting modal dialog visibility: false","pid":2448}
{"ts":"2021-04-23T13:41:17.064","sev":"info","k":"menu","v":"Attempting refresh of the main menu.","pid":2448}
{"ts":"2021-04-23T13:41:17.064","sev":"info","k":"menu","v":"Refreshing of the main menu.","pid":2448}
{"ts":"2021-04-23T13:41:17.074","sev":"info","k":"ui-callbacks","v":"Setting the window to be closeable: true","pid":2448}
{"ts":"2021-04-23T13:41:17.175","sev":"info","k":"rest-api-call-end","v":{"method":"POST","path":"/api/flows/versioning/minimumSoftwareVersion","elapsed":0.1484000000054948,"jsonParseTime":0.000014999997802078724},"pid":21904}
{"ts":"2021-04-23T13:41:17.178","sev":"info","k":"ui-callbacks","v":"Setting ready to save state: true","pid":2448}
{"ts":"2021-04-23T13:41:17.178","sev":"info","k":"menu","v":"Attempting refresh of the main menu.","pid":2448}
{"ts":"2021-04-23T13:41:17.178","sev":"info","k":"menu","v":"Refreshing of the main menu.","pid":2448}
{"ts":"2021-04-23T13:41:17.590","sev":"info","k":"rest-api-call-end","v":{"method":"POST","path":"/api/flowOperations/flows","elapsed":0.5710800000233576,"jsonParseTime":0.000029999995604157448},"pid":21904}
{"ts":"2021-04-23T13:41:17.605","sev":"info","k":"rest-api-call-end","v":{"method":"POST","path":"/api/loomDocValidation","elapsed":0.5812600000062957,"jsonParseTime":0.00047500000800937414},"pid":21904}
{"ts":"2021-04-23T13:41:19.344","sev":"info","k":"interaction-begin","v":{"name":"FlowGraph.updateSelection","traceId":1},"pid":21904}
{"ts":"2021-04-23T13:41:19.349","sev":"info","k":"OutputPaneTelemetryObserver","v":"outputNodeSelected: {\n  \"nodeId\": \"e7645956-b735-4b53-91dd-65b049aa5697\",\n  \"nodeType\": \".v1.WriteToCsv\",\n  \"dbclass\": \"\",\n  \"viewMode\": \"ProfilePane\",\n  \"fullRefreshOutputMode\": \"undefined\",\n  \"incrementalRefreshOutputMode\": \"undefined\"\n}","pid":21904}
{"ts":"2021-04-23T13:41:19.351","sev":"info","k":"OutputPaneTelemetryObserver","v":"outputNodeFieldMatchingLoaded: {\n  \"nodeId\": \"e7645956-b735-4b53-91dd-65b049aa5697\",\n  \"nodeType\": \".v1.WriteToCsv\",\n  \"dbclass\": \"\",\n  \"fullRefreshOutputMode\": \"undefined\",\n  \"incrementalRefreshOutputMode\": \"undefined\",\n  \"incomingFlowFields\": 9,\n  \"preexistingOutputFields\": 0,\n  \"unmatchedFlowFields\": 9,\n  \"unmatchedOutputFields\": 0,\n  \"matchedFields\": 0,\n  \"matchedFieldsWithMismatchedDatatypes\": 0,\n  \"string->none\": 7,\n  \"integer->none\": 2\n}","pid":21904}
{"ts":"2021-04-23T13:41:19.366","sev":"warn","k":"FlowRestClient","v":"Running the flow with binning parameters is DEPRECATED.","pid":21904}
{"ts":"2021-04-23T13:41:19.366","sev":"info","k":"rest-api-call-begin","v":{"method":"POST","path":"/api/flowOperations"},"pid":21904}
{"ts":"2021-04-23T13:41:19.813","sev":"info","k":"rest-api-call-end","v":{"method":"POST","path":"/api/flowOperations","elapsed":0.4467799999983981,"jsonParseTime":0.000670000008540228},"pid":21904}
{"ts":"2021-04-23T13:41:20.023","sev":"info","k":"rest-api-call-begin","v":{"method":"GET","path":"/api/flowOperations/8309ed91-6864-43db-8645-35dd412141de?version=147991962653299&excludeSchema=true&excludeStats=true"},"pid":21904}
{"ts":"2021-04-23T13:41:20.029","sev":"info","k":"rest-api-call-end","v":{"method":"GET","path":"/api/flowOperations/8309ed91-6864-43db-8645-35dd412141de?version=147991962653299&excludeSchema=true&excludeStats=true","elapsed":0.0056899999908637255,"jsonParseTime":0.000029999995604157448},"pid":21904}
{"ts":"2021-04-23T13:41:20.234","sev":"info","k":"rest-api-call-begin","v":{"method":"GET","path":"/api/flowOperations/8309ed91-6864-43db-8645-35dd412141de?version=147992000870700&excludeSchema=true&excludeStats=true"},"pid":21904}
{"ts":"2021-04-23T13:41:20.238","sev":"info","k":"rest-api-call-end","v":{"method":"GET","path":"/api/flowOperations/8309ed91-6864-43db-8645-35dd412141de?version=147992000870700&excludeSchema=true&excludeStats=true","elapsed":0.0046199999924283475,"jsonParseTime":0.00003500000457279384},"pid":21904}
{"ts":"2021-04-23T13:41:20.445","sev":"info","k":"rest-api-call-begin","v":{"method":"GET","path":"/api/flowOperations/8309ed91-6864-43db-8645-35dd412141de?version=147992000870700&excludeSchema=true&excludeStats=true"},"pid":21904}
{"ts":"2021-04-23T13:41:20.453","sev":"info","k":"rest-api-call-end","v":{"method":"GET","path":"/api/flowOperations/8309ed91-6864-43db-8645-35dd412141de?version=147992000870700&excludeSchema=true&excludeStats=true","elapsed":0.008070000010775402,"jsonParseTime":0.000059999991208314896},"pid":21904}
{"ts":"2021-04-23T13:41:20.657","sev":"info","k":"rest-api-call-begin","v":{"method":"GET","path":"/api/flowOperations/8309ed91-6864-43db-8645-35dd412141de?version=147992613356500&excludeSchema=true&excludeStats=true"},"pid":21904}
{"ts":"2021-04-23T13:41:20.667","sev":"info","k":"rest-api-call-end","v":{"method":"GET","path":"/api/flowOperations/8309ed91-6864-43db-8645-35dd412141de?version=147992613356500&excludeSchema=true&excludeStats=true","elapsed":0.010364999994635582,"jsonParseTime":0.00007999999797903001},"pid":21904}
{"ts":"2021-04-23T13:41:20.668","sev":"info","k":"rest-api-call-begin","v":{"method":"DELETE","path":"/api/flowOperations/8309ed91-6864-43db-8645-35dd412141de"},"pid":21904}
{"ts":"2021-04-23T13:41:20.668","sev":"info","k":"rest-api-call-begin","v":{"method":"DELETE","path":"/api/flowOperations/8309ed91-6864-43db-8645-35dd412141de"},"pid":21904}
{"ts":"2021-04-23T13:41:20.677","sev":"info","k":"rest-api-call-begin","v":{"method":"POST","path":"/api/cacheOperations/runAnalyzerOnCacheRequest"},"pid":21904}
{"ts":"2021-04-23T13:41:20.682","sev":"info","k":"rest-api-call-begin","v":{"method":"POST","path":"/api/cacheOperations/runAnalyzerOnCacheRequest"},"pid":21904}
{"ts":"2021-04-23T13:41:20.725","sev":"info","k":"rest-api-call-end","v":{"method":"DELETE","path":"/api/flowOperations/8309ed91-6864-43db-8645-35dd412141de","elapsed":0.05723999999463558,"jsonParseTime":0.0000050000089686363935},"pid":21904}
{"ts":"2021-04-23T13:41:20.755","sev":"info","k":"rest-api-call-end","v":{"method":"POST","path":"/api/cacheOperations/runAnalyzerOnCacheRequest","elapsed":0.07751500001177192,"jsonParseTime":0.0002800000074785203},"pid":21904}
{"ts":"2021-04-23T13:41:20.816","sev":"info","k":"rest-api-call-end","v":{"method":"POST","path":"/api/cacheOperations/runAnalyzerOnCacheRequest","elapsed":0.13400499999988824,"jsonParseTime":0.00006000002031214535},"pid":21904}
{"ts":"2021-04-23T13:41:20.834","sev":"debug","k":"interaction-completed-tasks","v":{"name":"FlowGraph.updateSelection","traceId":1,"completedTasks":[{"taskId":1,"name":"FlowGraph.updateSelection","startTime":8462.919999990845,"endTime":8555.610000010347},{"taskId":5,"name":"initialFlowResponse:processResults","startTime":8932.910000003176,"endTime":9051.63000000175},{"taskId":9,"name":"flowUpdateResponse:processResults","startTime":9147.90000001085,"endTime":9167.004999995697},{"taskId":17,"name":"flowUpdateResponse:processResults","startTime":9572.695000009844,"endTime":9592.28000001167},{"taskId":21,"name":"flowUpdateResponse:processResults","startTime":9786.404999991646,"endTime":9829.935000016121},{"taskId":29,"name":"cacheOperations/runAnalyzerOnCacheRequest:processResults","startTime":9874.615000007907,"endTime":9906.855000008363},{"taskId":33,"name":"cacheOperations/runAnalyzerOnCacheRequest:processResults","startTime":9934.890000004089,"endTime":9952.725000010105}]},"pid":21904}
{"ts":"2021-04-23T13:41:20.834","sev":"info","k":"interaction-end","v":{"name":"FlowGraph.updateSelection","traceId":1,"elapsed":1.4899900000018533,"properties":{"nodeType":".v1.WriteToCsv","nodeId":"e7645956-b735-4b53-91dd-65b049aa5697"}},"pid":21904}
{"ts":"2021-04-23T13:41:27.376","sev":"info","k":"prep-window","v":"Close event received.","pid":2448}
{"ts":"2021-04-23T13:41:27.376","sev":"info","k":"prep-window","v":"Sending request to close","pid":2448}
{"ts":"2021-04-23T13:41:27.392","sev":"info","k":"rest-api-call-begin","v":{"method":"POST","path":"/api/mruFlows"},"pid":21904}
{"ts":"2021-04-23T13:41:27.405","sev":"info","k":"rest-api-call-end","v":{"method":"POST","path":"/api/mruFlows","elapsed":0.013754999992670491,"jsonParseTime":0.000029999995604157448},"pid":21904}
{"ts":"2021-04-23T13:41:27.406","sev":"info","k":"prep-window","v":"Ready to close","pid":2448}
{"ts":"2021-04-23T13:41:27.433","sev":"info","k":"app-window-all-closed","v":"","pid":2448}
{"ts":"2021-04-23T13:41:27.434","sev":"info","k":"app-shutdown","v":"quitApp has been called","pid":2448}
{"ts":"2021-04-23T13:41:27.434","sev":"info","k":"prep-window-manager","v":"Closing all windows","pid":2448}
{"ts":"2021-04-23T13:41:27.435","sev":"info","k":"prep-window-manager","v":"Window 3 has closed","pid":2448}
{"ts":"2021-04-23T13:41:27.438","sev":"info","k":"single-instance-app","v":"Releasing the single instance lock","pid":2448}
{"ts":"2021-04-23T13:41:27.441","sev":"info","k":"single-instance-app","v":"Single instance lock released","pid":2448}
{"ts":"2021-04-23T13:41:27.442","sev":"warn","k":"ServiceRegistry","v":"service Symbol(BackendManager) not found in service registry","pid":2448}
{"ts":"2021-04-23T13:41:27.442","sev":"info","k":"before-quit","v":"","pid":2448}
{"ts":"2021-04-23T13:41:27.442","sev":"info","k":"will-quit","v":"","pid":2448}
{"ts":"2021-04-23T13:41:27.443","sev":"info","k":"app-shutdown","v":"quitApp has been called","pid":2448}
{"ts":"2021-04-23T13:41:27.443","sev":"warn","k":"app-shutdown","v":"quitApp is already in progress, ignoring this call","pid":2448}
{"ts":"2021-04-23T13:41:27.443","sev":"info","k":"app-exit","v":"Exiting from process.exit","pid":2448}
